This is pdfTeX, Version 3.14159265-2.6-1.40.21 (TeX Live 2020/W32TeX) (preloaded format=pdflatex 2020.11.28)  30 MAR 2021 20:10
entering extended mode
 \write18 enabled.
 file:line:error style messages enabled.
 %&-line parsing enabled.
**"c:/Users/Alexander Grill/Desktop/grill_project_2/documentation/MapReduce_System_Dokumentation.tex"
(c:/Users/Alexander Grill/Desktop/grill_project_2/documentation/MapReduce_System_Dokumentation.tex
LaTeX2e <2020-10-01> patch level 2
L3 programming layer <2020-10-27> xparse <2020-03-03> (c:/texlive/2020/texmf-dist/tex/latex/base/article.cls
Document Class: article 2020/04/10 v1.4m Standard LaTeX document class
(c:/texlive/2020/texmf-dist/tex/latex/base/size12.clo
File: size12.clo 2020/04/10 v1.4m Standard LaTeX file (size option)
)
\c@part=\count175
\c@section=\count176
\c@subsection=\count177
\c@subsubsection=\count178
\c@paragraph=\count179
\c@subparagraph=\count180
\c@figure=\count181
\c@table=\count182
\abovecaptionskip=\skip47
\belowcaptionskip=\skip48
\bibindent=\dimen138
) (c:/texlive/2020/texmf-dist/tex/latex/base/inputenc.sty
Package: inputenc 2020/08/01 v1.3d Input encoding file
\inpenc@prehook=\toks15
\inpenc@posthook=\toks16
) (c:/texlive/2020/texmf-dist/tex/generic/babel/babel.sty
Package: babel 2020/10/27 3.51 The Babel package
 (c:/texlive/2020/texmf-dist/tex/generic/babel/babel.def
File: babel.def 2020/10/27 3.51 Babel common definitions
\babel@savecnt=\count183
\U@D=\dimen139
\l@babelnohyphens=\language86
 (c:/texlive/2020/texmf-dist/tex/generic/babel/txtbabel.def)
\bbl@readstream=\read2
)
\bbl@dirlevel=\count184
 (c:/texlive/2020/texmf-dist/tex/generic/babel-german/ngerman.ldf
Language: ngerman 2020/07/21 v2.12 German support for babel (post-1996 orthography)
 (c:/texlive/2020/texmf-dist/tex/generic/babel-german/ngermanb.ldf
Language: ngermanb 2020/07/21 v2.12 German support for babel (post-1996 orthography)
Package babel Info: Making " an active character on input line 121.
))) (c:/texlive/2020/texmf-dist/tex/latex/base/fontenc.sty
Package: fontenc 2020/08/10 v2.0s Standard LaTeX package
) (c:/texlive/2020/texmf-dist/tex/latex/graphics/graphicx.sty
Package: graphicx 2020/09/09 v1.2b Enhanced LaTeX Graphics (DPC,SPQR)
 (c:/texlive/2020/texmf-dist/tex/latex/graphics/keyval.sty
Package: keyval 2014/10/28 v1.15 key=value parser (DPC)
\KV@toks@=\toks17
) (c:/texlive/2020/texmf-dist/tex/latex/graphics/graphics.sty
Package: graphics 2020/08/30 v1.4c Standard LaTeX Graphics (DPC,SPQR)
 (c:/texlive/2020/texmf-dist/tex/latex/graphics/trig.sty
Package: trig 2016/01/03 v1.10 sin cos tan (DPC)
) (c:/texlive/2020/texmf-dist/tex/latex/graphics-cfg/graphics.cfg
File: graphics.cfg 2016/06/04 v1.11 sample graphics configuration
)
Package graphics Info: Driver file: pdftex.def on input line 105.
 (c:/texlive/2020/texmf-dist/tex/latex/graphics-def/pdftex.def
File: pdftex.def 2020/10/05 v1.2a Graphics/color driver for pdftex
))
\Gin@req@height=\dimen140
\Gin@req@width=\dimen141
) (c:/texlive/2020/texmf-dist/tex/latex/minted/minted.sty
Package: minted 2017/07/19 v2.5 Yet another Pygments shim for LaTeX
 (c:/texlive/2020/texmf-dist/tex/latex/kvoptions/kvoptions.sty
Package: kvoptions 2020-10-07 v3.14 Key value format for package options (HO)
 (c:/texlive/2020/texmf-dist/tex/generic/ltxcmds/ltxcmds.sty
Package: ltxcmds 2020-05-10 v1.25 LaTeX kernel commands for general use (HO)
) (c:/texlive/2020/texmf-dist/tex/generic/kvsetkeys/kvsetkeys.sty
Package: kvsetkeys 2019/12/15 v1.18 Key value parser (HO)
)) (c:/texlive/2020/texmf-dist/tex/latex/fvextra/fvextra.sty
Package: fvextra 2019/02/04 v1.4 fvextra - extensions and patches for fancyvrb
 (c:/texlive/2020/texmf-dist/tex/latex/base/ifthen.sty
Package: ifthen 2014/09/29 v1.1c Standard LaTeX ifthen package (DPC)
) (c:/texlive/2020/texmf-dist/tex/latex/etoolbox/etoolbox.sty
Package: etoolbox 2020/10/05 v2.5k e-TeX tools for LaTeX (JAW)
\etb@tempcnta=\count185
) (c:/texlive/2020/texmf-dist/tex/latex/fancyvrb/fancyvrb.sty
Package: fancyvrb 2020/05/03 v3.6 verbatim text (tvz,hv)
\FV@CodeLineNo=\count186
\FV@InFile=\read3
\FV@TabBox=\box47
\c@FancyVerbLine=\count187
\FV@StepNumber=\count188
\FV@OutFile=\write3
) (c:/texlive/2020/texmf-dist/tex/latex/upquote/upquote.sty
Package: upquote 2012/04/19 v1.3 upright-quote and grave-accent glyphs in verbatim
 (c:/texlive/2020/texmf-dist/tex/latex/base/textcomp.sty
Package: textcomp 2020/02/02 v2.0n Standard LaTeX package
)) (c:/texlive/2020/texmf-dist/tex/latex/lineno/lineno.sty
Package: lineno 2005/11/02 line numbers on paragraphs v4.41
\linenopenalty=\count189
\output=\toks18
\linenoprevgraf=\count190
\linenumbersep=\dimen142
\linenumberwidth=\dimen143
\c@linenumber=\count191
\c@pagewiselinenumber=\count192
\c@LN@truepage=\count193
\c@internallinenumber=\count194
\c@internallinenumbers=\count195
\quotelinenumbersep=\dimen144
\bframerule=\dimen145
\bframesep=\dimen146
\bframebox=\box48
LaTeX Info: Redefining \\ on input line 3056.
)
\c@FV@TrueTabGroupLevel=\count196
\c@FV@TrueTabCounter=\count197
\FV@TabBox@Group=\box49
\FV@TmpLength=\skip49
\c@FV@HighlightLinesStart=\count198
\c@FV@HighlightLinesStop=\count199
\FV@LoopCount=\count266
\FV@NCharsBox=\box50
\FV@BreakIndent=\dimen147
\FV@BreakIndentNChars=\count267
\FV@BreakSymbolSepLeft=\dimen148
\FV@BreakSymbolSepLeftNChars=\count268
\FV@BreakSymbolSepRight=\dimen149
\FV@BreakSymbolSepRightNChars=\count269
\FV@BreakSymbolIndentLeft=\dimen150
\FV@BreakSymbolIndentLeftNChars=\count270
\FV@BreakSymbolIndentRight=\dimen151
\FV@BreakSymbolIndentRightNChars=\count271
\c@FancyVerbLineBreakLast=\count272
\FV@LineBox=\box51
\FV@LineIndentBox=\box52
\FV@LineWidth=\dimen152
) (c:/texlive/2020/texmf-dist/tex/latex/tools/calc.sty
Package: calc 2017/05/25 v4.3 Infix arithmetic (KKT,FJ)
\calc@Acount=\count273
\calc@Bcount=\count274
\calc@Adimen=\dimen153
\calc@Bdimen=\dimen154
\calc@Askip=\skip50
\calc@Bskip=\skip51
LaTeX Info: Redefining \setlength on input line 80.
LaTeX Info: Redefining \addtolength on input line 81.
\calc@Ccount=\count275
\calc@Cskip=\skip52
) (c:/texlive/2020/texmf-dist/tex/latex/tools/shellesc.sty
Package: shellesc 2019/11/08 v1.0c unified shell escape interface for LaTeX
Package shellesc Info: Unrestricted shell escape enabled on input line 75.
) (c:/texlive/2020/texmf-dist/tex/latex/ifplatform/ifplatform.sty
Package: ifplatform 2017/10/13 v0.4a Testing for the operating system
 (c:/texlive/2020/texmf-dist/tex/generic/pdftexcmds/pdftexcmds.sty
Package: pdftexcmds 2020-06-27 v0.33 Utility functions of pdfTeX for LuaTeX (HO)
 (c:/texlive/2020/texmf-dist/tex/generic/infwarerr/infwarerr.sty
Package: infwarerr 2019/12/03 v1.5 Providing info/warning/error messages (HO)
) (c:/texlive/2020/texmf-dist/tex/generic/iftex/iftex.sty
Package: iftex 2020/03/06 v1.0d TeX engine tests
)
Package pdftexcmds Info: \pdf@primitive is available.
Package pdftexcmds Info: \pdf@ifprimitive is available.
Package pdftexcmds Info: \pdfdraftmode found.
) (c:/texlive/2020/texmf-dist/tex/generic/catchfile/catchfile.sty
Package: catchfile 2019/12/09 v1.8 Catch the contents of a file (HO)
 (c:/texlive/2020/texmf-dist/tex/generic/etexcmds/etexcmds.sty
Package: etexcmds 2019/12/15 v1.7 Avoid name clashes with e-TeX commands (HO)
)) (c:/texlive/2020/texmf-dist/tex/generic/iftex/ifluatex.sty
Package: ifluatex 2019/10/25 v1.5 ifluatex legacy package. Use iftex instead.
)) (c:/texlive/2020/texmf-dist/tex/generic/xstring/xstring.sty (c:/texlive/2020/texmf-dist/tex/generic/xstring/xstring.tex
\integerpart=\count276
\decimalpart=\count277
)
Package: xstring 2019/02/06 v1.83 String manipulations (CT)
) (c:/texlive/2020/texmf-dist/tex/latex/framed/framed.sty
Package: framed 2011/10/22 v 0.96: framed or shaded text with page breaks
\OuterFrameSep=\skip53
\fb@frw=\dimen155
\fb@frh=\dimen156
\FrameRule=\dimen157
\FrameSep=\dimen158
) (c:/texlive/2020/texmf-dist/tex/latex/float/float.sty
Package: float 2001/11/08 v1.3d Float enhancements (AL)
\c@float@type=\count278
\float@exts=\toks19
\float@box=\box53
\@float@everytoks=\toks20
\@floatcapt=\box54
)
\minted@appexistsfile=\read4
\minted@bgbox=\box55
\minted@code=\write4
\c@minted@FancyVerbLineTemp=\count279
\c@minted@pygmentizecounter=\count280
\@float@every@listing=\toks21
\c@listing=\count281
) (c:/texlive/2020/texmf-dist/tex/generic/dirtree/dirtree.sty
Package: dirtree 2012/12/11 v0.32 package wrapper for dirtree
 (c:/texlive/2020/texmf-dist/tex/generic/dirtree/dirtree.tex `dirtree' v0.32, 2012/12/11 (jcc)
\DT@offset=\dimen159
\DT@width=\dimen160
\DT@sep=\dimen161
\DT@all=\dimen162
\DT@rulewidth=\dimen163
\DT@dotwidth=\dimen164
\DTbaselineskip=\dimen165
\DT@counti=\count282
\DT@countii=\count283
\DT@countiii=\count284
\DT@countiv=\count285
\DT@indent=\dimen166
\DT@parskip=\dimen167
\DT@baselineskip=\dimen168
)
File: dirtree.tex 2012/12/11 v0.32 `dirtree' (jcc)
) (c:/texlive/2020/texmf-dist/tex/latex/biblatex/biblatex.sty
Package: biblatex 2020/08/23 v3.15a programmable bibliographies (PK/MW)
 (c:/texlive/2020/texmf-dist/tex/latex/logreq/logreq.sty
Package: logreq 2010/08/04 v1.0 xml request logger
\lrq@indent=\count286
 (c:/texlive/2020/texmf-dist/tex/latex/logreq/logreq.def
File: logreq.def 2010/08/04 v1.0 logreq spec v1.0
)) (c:/texlive/2020/texmf-dist/tex/latex/url/url.sty
\Urlmuskip=\muskip16
Package: url 2013/09/16  ver 3.4  Verb mode for urls, etc.
)
\c@tabx@nest=\count287
\c@listtotal=\count288
\c@listcount=\count289
\c@liststart=\count290
\c@liststop=\count291
\c@citecount=\count292
\c@citetotal=\count293
\c@multicitecount=\count294
\c@multicitetotal=\count295
\c@instcount=\count296
\c@maxnames=\count297
\c@minnames=\count298
\c@maxitems=\count299
\c@minitems=\count300
\c@citecounter=\count301
\c@maxcitecounter=\count302
\c@savedcitecounter=\count303
\c@uniquelist=\count304
\c@uniquename=\count305
\c@refsection=\count306
\c@refsegment=\count307
\c@maxextratitle=\count308
\c@maxextratitleyear=\count309
\c@maxextraname=\count310
\c@maxextradate=\count311
\c@maxextraalpha=\count312
\c@abbrvpenalty=\count313
\c@highnamepenalty=\count314
\c@lownamepenalty=\count315
\c@maxparens=\count316
\c@parenlevel=\count317
\blx@tempcnta=\count318
\blx@tempcntb=\count319
\blx@tempcntc=\count320
\blx@maxsection=\count321
\blx@maxsegment@0=\count322
\blx@notetype=\count323
\blx@parenlevel@text=\count324
\blx@parenlevel@foot=\count325
\blx@sectionciteorder@0=\count326
\blx@entrysetcounter=\count327
\blx@biblioinstance=\count328
\labelnumberwidth=\skip54
\labelalphawidth=\skip55
\biblabelsep=\skip56
\bibitemsep=\skip57
\bibnamesep=\skip58
\bibinitsep=\skip59
\bibparsep=\skip60
\bibhang=\skip61
\blx@bcfin=\read5
\blx@bcfout=\write5
\blx@langwohyphens=\language87
\c@mincomprange=\count329
\c@maxcomprange=\count330
\c@mincompwidth=\count331
Package biblatex Info: Trying to load biblatex default data model...
Package biblatex Info: ... file 'blx-dm.def' found.
 (c:/texlive/2020/texmf-dist/tex/latex/biblatex/blx-dm.def
File: blx-dm.def 2020/08/23 v3.15a biblatex localization (PK/MW)
)
Package biblatex Info: Trying to load biblatex custom data model...
Package biblatex Info: ... file 'biblatex-dm.cfg' not found.
\c@afterword=\count332
\c@savedafterword=\count333
\c@annotator=\count334
\c@savedannotator=\count335
\c@author=\count336
\c@savedauthor=\count337
\c@bookauthor=\count338
\c@savedbookauthor=\count339
\c@commentator=\count340
\c@savedcommentator=\count341
\c@editor=\count342
\c@savededitor=\count343
\c@editora=\count344
\c@savededitora=\count345
\c@editorb=\count346
\c@savededitorb=\count347
\c@editorc=\count348
\c@savededitorc=\count349
\c@foreword=\count350
\c@savedforeword=\count351
\c@holder=\count352
\c@savedholder=\count353
\c@introduction=\count354
\c@savedintroduction=\count355
\c@namea=\count356
\c@savednamea=\count357
\c@nameb=\count358
\c@savednameb=\count359
\c@namec=\count360
\c@savednamec=\count361
\c@translator=\count362
\c@savedtranslator=\count363
\c@shortauthor=\count364
\c@savedshortauthor=\count365
\c@shorteditor=\count366
\c@savedshorteditor=\count367
\c@labelname=\count368
\c@savedlabelname=\count369
\c@institution=\count370
\c@savedinstitution=\count371
\c@lista=\count372
\c@savedlista=\count373
\c@listb=\count374
\c@savedlistb=\count375
\c@listc=\count376
\c@savedlistc=\count377
\c@listd=\count378
\c@savedlistd=\count379
\c@liste=\count380
\c@savedliste=\count381
\c@listf=\count382
\c@savedlistf=\count383
\c@location=\count384
\c@savedlocation=\count385
\c@organization=\count386
\c@savedorganization=\count387
\c@origlocation=\count388
\c@savedoriglocation=\count389
\c@origpublisher=\count390
\c@savedorigpublisher=\count391
\c@publisher=\count392
\c@savedpublisher=\count393
\c@language=\count394
\c@savedlanguage=\count395
\c@origlanguage=\count396
\c@savedoriglanguage=\count397
\c@pageref=\count398
\c@savedpageref=\count399
\shorthandwidth=\skip62
\shortjournalwidth=\skip63
\shortserieswidth=\skip64
\shorttitlewidth=\skip65
\shortauthorwidth=\skip66
\shorteditorwidth=\skip67
\locallabelnumberwidth=\skip68
\locallabelalphawidth=\skip69
\localshorthandwidth=\skip70
\localshortjournalwidth=\skip71
\localshortserieswidth=\skip72
\localshorttitlewidth=\skip73
\localshortauthorwidth=\skip74
\localshorteditorwidth=\skip75
Package biblatex Info: Trying to load compatibility code...
Package biblatex Info: ... file 'blx-compat.def' found.
 (c:/texlive/2020/texmf-dist/tex/latex/biblatex/blx-compat.def
File: blx-compat.def 2020/08/23 v3.15a biblatex compatibility (PK/MW)
) (c:/texlive/2020/texmf-dist/tex/latex/l3kernel/expl3.sty
Package: expl3 2020-10-27 L3 programming layer (loader) 
 (c:/texlive/2020/texmf-dist/tex/latex/l3backend/l3backend-pdftex.def
File: l3backend-pdftex.def 2020-09-24 L3 backend support: PDF output (pdfTeX)
\l__kernel_color_stack_int=\count400
\l__pdf_internal_box=\box56
))
Package biblatex Info: expl3
(biblatex)             2020-10-27 L3 programming layer (loader) 
(biblatex)             is new enough (at least 2020/04/06),
(biblatex)             setting 'casechanger=expl3'.
Package biblatex Info: Trying to load expl3 case changing code...
Package biblatex Info: ... file 'blx-case-expl3.def' found.
 (c:/texlive/2020/texmf-dist/tex/latex/biblatex/blx-case-expl3.def (c:/texlive/2020/texmf-dist/tex/latex/l3packages/xparse/xparse.sty
Package: xparse 2020-10-27 L3 Experimental document command parser
 (c:/texlive/2020/texmf-dist/tex/latex/l3packages/xparse/xparse-generic.tex))
File: blx-case-expl3 2020/08/23 v3.15a expl3 case changing code for biblatex
)
Package biblatex Info: Trying to load generic definitions...
Package biblatex Info: ... file 'biblatex.def' found.
 (c:/texlive/2020/texmf-dist/tex/latex/biblatex/biblatex.def
File: biblatex.def 2020/08/23 v3.15a biblatex compatibility (PK/MW)
\c@textcitecount=\count401
\c@textcitetotal=\count402
\c@textcitemaxnames=\count403
\c@biburlbigbreakpenalty=\count404
\c@biburlbreakpenalty=\count405
\c@biburlnumpenalty=\count406
\c@biburlucpenalty=\count407
\c@biburllcpenalty=\count408
\biburlbigskip=\muskip17
\biburlnumskip=\muskip18
\biburlucskip=\muskip19
\biburllcskip=\muskip20
\c@smartand=\count409
)
Package biblatex Info: Trying to load bibliography style 'numeric'...
Package biblatex Info: ... file 'numeric.bbx' found.
 (c:/texlive/2020/texmf-dist/tex/latex/biblatex/bbx/numeric.bbx
File: numeric.bbx 2020/08/23 v3.15a biblatex bibliography style (PK/MW)
Package biblatex Info: Trying to load bibliography style 'standard'...
Package biblatex Info: ... file 'standard.bbx' found.
 (c:/texlive/2020/texmf-dist/tex/latex/biblatex/bbx/standard.bbx
File: standard.bbx 2020/08/23 v3.15a biblatex bibliography style (PK/MW)
\c@bbx:relatedcount=\count410
\c@bbx:relatedtotal=\count411
))
Package biblatex Info: Trying to load citation style 'numeric'...
Package biblatex Info: ... file 'numeric.cbx' found.
 (c:/texlive/2020/texmf-dist/tex/latex/biblatex/cbx/numeric.cbx
File: numeric.cbx 2020/08/23 v3.15a biblatex citation style (PK/MW)
Package biblatex Info: Redefining '\cite'.
Package biblatex Info: Redefining '\parencite'.
Package biblatex Info: Redefining '\footcite'.
Package biblatex Info: Redefining '\footcitetext'.
Package biblatex Info: Redefining '\smartcite'.
Package biblatex Info: Redefining '\supercite'.
Package biblatex Info: Redefining '\textcite'.
Package biblatex Info: Redefining '\textcites'.
Package biblatex Info: Redefining '\cites'.
Package biblatex Info: Redefining '\parencites'.
Package biblatex Info: Redefining '\smartcites'.
)
Package biblatex Info: Trying to load configuration file...
Package biblatex Info: ... file 'biblatex.cfg' found.
 (c:/texlive/2020/texmf-dist/tex/latex/biblatex/biblatex.cfg
File: biblatex.cfg 
)) (c:/texlive/2020/texmf-dist/tex/latex/underscore/underscore.sty
Package: underscore 2006/09/13
LaTeX Info: Redefining \_ on input line 42.
) (c:/texlive/2020/texmf-dist/tex/latex/xcolor/xcolor.sty
Package: xcolor 2016/05/11 v2.12 LaTeX color extensions (UK)
 (c:/texlive/2020/texmf-dist/tex/latex/graphics-cfg/color.cfg
File: color.cfg 2016/01/02 v1.6 sample color configuration
)
Package xcolor Info: Driver file: pdftex.def on input line 225.
Package xcolor Info: Model `cmy' substituted by `cmy0' on input line 1348.
Package xcolor Info: Model `hsb' substituted by `rgb' on input line 1352.
Package xcolor Info: Model `RGB' extended on input line 1364.
Package xcolor Info: Model `HTML' substituted by `rgb' on input line 1366.
Package xcolor Info: Model `Hsb' substituted by `hsb' on input line 1367.
Package xcolor Info: Model `tHsb' substituted by `hsb' on input line 1368.
Package xcolor Info: Model `HSB' substituted by `hsb' on input line 1369.
Package xcolor Info: Model `Gray' substituted by `gray' on input line 1370.
Package xcolor Info: Model `wave' substituted by `hsb' on input line 1371.
)
runsystem(for ^%i in (pygmentize.exe pygmentize.bat pygmentize.cmd) do set > MapReduce_System_Dokumentation.aex <nul: /p x=^%~$PATH:i>> MapReduce_System_Dokumentation.aex)...executed.

runsystem(del MapReduce_System_Dokumentation.aex)...executed.



Package biblatex Warning: 'babel/polyglossia' detected but 'csquotes' missing.
(biblatex)                Loading 'csquotes' recommended.

\@quotelevel=\count412
\@quotereset=\count413
(c:/Users/Alexander Grill/Desktop/grill_project_2/documentation/MapReduce_System_Dokumentation.aux)
\openout1 = `MapReduce_System_Dokumentation.aux'.

LaTeX Font Info:    Checking defaults for OML/cmm/m/it on input line 15.
LaTeX Font Info:    ... okay on input line 15.
LaTeX Font Info:    Checking defaults for OMS/cmsy/m/n on input line 15.
LaTeX Font Info:    ... okay on input line 15.
LaTeX Font Info:    Checking defaults for OT1/cmr/m/n on input line 15.
LaTeX Font Info:    ... okay on input line 15.
LaTeX Font Info:    Checking defaults for T1/cmr/m/n on input line 15.
LaTeX Font Info:    ... okay on input line 15.
LaTeX Font Info:    Checking defaults for TS1/cmr/m/n on input line 15.
LaTeX Font Info:    ... okay on input line 15.
LaTeX Font Info:    Checking defaults for OMX/cmex/m/n on input line 15.
LaTeX Font Info:    ... okay on input line 15.
LaTeX Font Info:    Checking defaults for U/cmr/m/n on input line 15.
LaTeX Font Info:    ... okay on input line 15.
 (c:/texlive/2020/texmf-dist/tex/context/base/mkii/supp-pdf.mkii
[Loading MPS to PDF converter (version 2006.09.02).]
\scratchcounter=\count414
\scratchdimen=\dimen169
\scratchbox=\box57
\nofMPsegments=\count415
\nofMParguments=\count416
\everyMPshowfont=\toks22
\MPscratchCnt=\count417
\MPscratchDim=\dimen170
\MPnumerator=\count418
\makeMPintoPDFobject=\count419
\everyMPtoPDFconversion=\toks23
) (c:/texlive/2020/texmf-dist/tex/latex/epstopdf-pkg/epstopdf-base.sty
Package: epstopdf-base 2020-01-24 v2.11 Base part for package epstopdf
Package epstopdf-base Info: Redefining graphics rule for `.eps' on input line 485.
 (c:/texlive/2020/texmf-dist/tex/latex/latexconfig/epstopdf-sys.cfg
File: epstopdf-sys.cfg 2010/07/13 v1.3 Configuration of (r)epstopdf for TeX Live
))
Package biblatex Info: Trying to load language 'ngerman'...
Package biblatex Info: ... file 'ngerman.lbx' found.
 (c:/texlive/2020/texmf-dist/tex/latex/biblatex/lbx/ngerman.lbx
File: ngerman.lbx 2020/08/23 v3.15a biblatex localization (PK/MW)
Package biblatex Info: Trying to load language 'german'...
Package biblatex Info: ... file 'german.lbx' found.
 (c:/texlive/2020/texmf-dist/tex/latex/biblatex/lbx/german.lbx
File: german.lbx 2020/08/23 v3.15a biblatex localization (PK/MW)
)
Package biblatex Info: Trying to load language 'german'...
Package biblatex Info: ... file 'german.lbx' found.
 (c:/texlive/2020/texmf-dist/tex/latex/biblatex/lbx/german.lbx
File: german.lbx 2020/08/23 v3.15a biblatex localization (PK/MW)
))
Package biblatex Info: Input encoding 'utf8' detected.
Package biblatex Info: Automatic encoding selection.
(biblatex)             Assuming data encoding 'utf8'.
\openout5 = `MapReduce_System_Dokumentation.bcf'.

Package biblatex Info: Trying to load bibliographic data...
Package biblatex Info: ... file 'MapReduce_System_Dokumentation.bbl' found.
 (c:/Users/Alexander Grill/Desktop/grill_project_2/documentation/MapReduce_System_Dokumentation.bbl)
Package biblatex Info: Reference section=0 on input line 15.
Package biblatex Info: Reference segment=0 on input line 15.
<Logo.png, id=1, 954.56625pt x 1084.05pt>
File: Logo.png Graphic file (type png)
<use Logo.png>
Package pdftex.def Info: Logo.png  used on input line 19.
(pdftex.def)             Requested size: 284.52756pt x 323.11678pt.
 [1

{c:/texlive/2020/texmf-var/fonts/map/pdftex/updmap/pdftex.map} <c:/Users/Alexander Grill/Desktop/grill_project_2/documentation/Logo.png>] (c:/Users/Alexander Grill/Desktop/grill_project_2/documentation/MapReduce_System_Dokumentation.toc
LaTeX Font Info:    External font `cmex10' loaded for size
(Font)              <12> on input line 6.
LaTeX Font Info:    External font `cmex10' loaded for size
(Font)              <8> on input line 6.
LaTeX Font Info:    External font `cmex10' loaded for size
(Font)              <6> on input line 6.
)
\tf@toc=\write6
\openout6 = `MapReduce_System_Dokumentation.toc'.

 [1] [2] [3] [4] [5]
<mapreduce.png, id=30, 467.7475pt x 353.32pt>
File: mapreduce.png Graphic file (type png)
<use mapreduce.png>
Package pdftex.def Info: mapreduce.png  used on input line 165.
(pdftex.def)             Requested size: 173.56198pt x 131.10373pt.

Underfull \hbox (badness 10000) in paragraph at lines 201--218

 []


Underfull \hbox (badness 10000) in paragraph at lines 201--218

 []


Underfull \hbox (badness 10000) in paragraph at lines 201--218

 []


Underfull \hbox (badness 10000) in paragraph at lines 201--218

 []


Underfull \hbox (badness 10000) in paragraph at lines 201--218

 []

[6 <c:/Users/Alexander Grill/Desktop/grill_project_2/documentation/mapreduce.png>] [7]
Underfull \hbox (badness 10000) in paragraph at lines 221--233

 []


Underfull \hbox (badness 10000) in paragraph at lines 221--233

 []


Underfull \hbox (badness 10000) in paragraph at lines 221--233

 []


Underfull \hbox (badness 10000) in paragraph at lines 221--233

 []

[8]
Underfull \hbox (badness 10000) in paragraph at lines 241--256

 []


Overfull \hbox (3.13315pt too wide) in paragraph at lines 241--256
\T1/cmr/m/n/12 Su-pers-ka-la-re Pro-zes-se ent-hal-ten meh-re-re gleich-ar-ti-ge Funk-ti-ons-ein-hei-ten, zum
 []


Underfull \hbox (badness 10000) in paragraph at lines 241--256

 []


Underfull \hbox (badness 10000) in paragraph at lines 241--256

 []

[9] [10]
Underfull \hbox (badness 10000) in paragraph at lines 277--278

 []


Underfull \hbox (badness 10000) in paragraph at lines 277--278

 []


Overfull \hbox (3.57751pt too wide) in paragraph at lines 281--285
\T1/cmr/m/n/12 Man be-zeich-net die-se Pro-zes-so-ren als Multi-Core- oder Mehrkern-Prozessoren.
 []


Underfull \hbox (badness 10000) in paragraph at lines 281--285

 []

[11]
Underfull \hbox (badness 10000) in paragraph at lines 286--294

 []

[12]
Underfull \hbox (badness 10000) in paragraph at lines 322--323

 []

[13]
Underfull \hbox (badness 10000) in paragraph at lines 331--354

 []


Underfull \hbox (badness 10000) in paragraph at lines 331--354

 []


Underfull \hbox (badness 10000) in paragraph at lines 331--354

 []


Underfull \hbox (badness 10000) in paragraph at lines 331--354

 []


Underfull \hbox (badness 10000) in paragraph at lines 331--354

 []


Underfull \hbox (badness 10000) in paragraph at lines 331--354

 []


Underfull \hbox (badness 10000) in paragraph at lines 331--354

 []

[14] [15]
Underfull \hbox (badness 10000) in paragraph at lines 368--369

 []


Underfull \hbox (badness 10000) in paragraph at lines 368--369

 []


Underfull \hbox (badness 10000) in paragraph at lines 368--369

 []


Underfull \hbox (badness 10000) in paragraph at lines 372--378

 []


Overfull \hbox (67.26381pt too wide) in paragraph at lines 372--378
\T1/cmr/m/n/12 B, B sen-det an A) sein, one-way(A sen-det an B, A sen-det an B), bat-ching(Zusammenfassung
 []

[16]
Underfull \hbox (badness 10000) in paragraph at lines 379--389

 []


Underfull \hbox (badness 10000) in paragraph at lines 379--389

 []


Underfull \hbox (badness 10000) in paragraph at lines 379--389

 []


Overfull \hbox (0.58673pt too wide) in paragraph at lines 379--389
\T1/cmr/m/n/12 Da-ten er-hält, die man auch zwin-gend an-for-dert, Z.B bei eta-ge1/wohnzimmer/
 []


Underfull \hbox (badness 10000) in paragraph at lines 379--389

 []


Underfull \hbox (badness 10000) in paragraph at lines 379--389

 []


Underfull \hbox (badness 10000) in paragraph at lines 379--389

 []

[17]
<ProxyPattern.png, id=71, 246.9225pt x 101.62968pt>
File: ProxyPattern.png Graphic file (type png)
<use ProxyPattern.png>
Package pdftex.def Info: ProxyPattern.png  used on input line 395.
(pdftex.def)             Requested size: 227.62204pt x 93.68497pt.

Underfull \hbox (badness 10000) in paragraph at lines 390--405

 []


Underfull \hbox (badness 10000) in paragraph at lines 390--405

 []

[18 <c:/Users/Alexander Grill/Desktop/grill_project_2/documentation/ProxyPattern.png>]
Underfull \hbox (badness 10000) in paragraph at lines 413--414

 []


Underfull \hbox (badness 10000) in paragraph at lines 413--414

 []


Overfull \hbox (1.23228pt too wide) in paragraph at lines 416--423
\T1/cmr/m/n/12 schlos-se-ne In-for-ma-tio-nen-ein-hei-ten. Den Vor-gang der Da-ten-über-tra-gung selbst
 []


Underfull \hbox (badness 10000) in paragraph at lines 416--423

 []

[19]
<http.png, id=80, 459.21562pt x 172.39406pt>
File: http.png Graphic file (type png)
<use http.png>
Package pdftex.def Info: http.png  used on input line 437.
(pdftex.def)             Requested size: 284.52756pt x 106.82007pt.
<ftp.png, id=81, 513.41812pt x 242.02922pt>
File: ftp.png Graphic file (type png)
<use ftp.png>
Package pdftex.def Info: ftp.png  used on input line 446.
(pdftex.def)             Requested size: 284.52756pt x 134.12837pt.

Underfull \hbox (badness 10000) in paragraph at lines 426--448

 []


Overfull \hbox (6.22682pt too wide) in paragraph at lines 426--448
\T1/cmr/m/n/12 Architektur auf der Trans-port-schicht ein-ge-stuft wer-den. Da das TCP-Protokoll
 []


Underfull \hbox (badness 10000) in paragraph at lines 426--448

 []


Underfull \hbox (badness 10000) in paragraph at lines 426--448

 []


Overfull \hbox (9.294pt too wide) in paragraph at lines 426--448
\T1/cmr/m/n/12 Dieses Pro-to-koll ist zu-stän-dig für die Kom-mu-ni-ka-ti-on zwi-schen Cli-ent(Browser)
 []

[20] [21 <c:/Users/Alexander Grill/Desktop/grill_project_2/documentation/http.png> <c:/Users/Alexander Grill/Desktop/grill_project_2/documentation/ftp.png>]
<ositcpip.png, id=90, 288.3272pt x 207.77625pt>
File: ositcpip.png Graphic file (type png)
<use ositcpip.png>
Package pdftex.def Info: ositcpip.png  used on input line 473.
(pdftex.def)             Requested size: 284.52756pt x 205.046pt.
 [22 <c:/Users/Alexander Grill/Desktop/grill_project_2/documentation/ositcpip.png>] [23]
LaTeX Font Info:    Trying to load font information for T1+cmtt on input line 525.
 (c:/texlive/2020/texmf-dist/tex/latex/base/t1cmtt.fd
File: t1cmtt.fd 2019/12/16 v2.5j Standard LaTeX font definitions
)
Underfull \hbox (badness 10000) in paragraph at lines 495--525

 []

[24]
Underfull \hbox (badness 10000) in paragraph at lines 529--536

 []


Underfull \hbox (badness 10000) in paragraph at lines 529--536

 []


Underfull \hbox (badness 10000) in paragraph at lines 537--540

 []


Underfull \hbox (badness 10000) in paragraph at lines 541--544

 []


Underfull \hbox (badness 10000) in paragraph at lines 545--546

 []

[25] [26]
Overfull \hbox (3.35107pt too wide) in paragraph at lines 551--557
\T1/cmr/m/n/12 Level-I/O-Programmierung, die Ent-wick-lern ein kon-sis-ten-tes asyn-chro-nes Mo-
 []


Underfull \hbox (badness 10000) in paragraph at lines 551--557

 []

[27]
Overfull \hbox (26.032pt too wide) in paragraph at lines 578--579
\T1/cmr/m/n/12 Be-nut-zer bie-ten, in-dem sie eher einen Toolkit- als einen Framework-
 []


Underfull \hbox (badness 10000) in paragraph at lines 588--594

 []


Underfull \hbox (badness 10000) in paragraph at lines 595--600

 []

[28]
Underfull \hbox (badness 10000) in paragraph at lines 601--609

 []

[29] [30]
Overfull \hbox (1.66695pt too wide) in paragraph at lines 628--628
[]\T1/cmr/m/n/12 Big Da-ta. \T1/cmr/m/it/12 MapReduce-System\T1/cmr/m/n/12 . be-sucht am 24.02.2021. 2021. \T1/cmr/m/sc/12 url\T1/cmr/m/n/12 : $\T1/cmtt/m/n/12 https :
 []


Overfull \hbox (0.7006pt too wide) in paragraph at lines 628--628
[]\T1/cmr/m/n/12 Günter Ko-lou-sek. \T1/cmr/m/it/12 19_-par-al-lel_-pro-gram-ming\T1/cmr/m/n/12 . self-ma-de_-on-li-ne_-we-bi-nar.
 []


Overfull \hbox (5.26045pt too wide) in paragraph at lines 628--628
[]\T1/cmr/m/n/12 wikipedia. \T1/cmr/m/it/12 MapReduce-System\T1/cmr/m/n/12 . be-sucht am 24.02.2021. 2021. \T1/cmr/m/sc/12 url\T1/cmr/m/n/12 : $\T1/cmtt/m/n/12 https :
 []

[31] (c:/Users/Alexander Grill/Desktop/grill_project_2/documentation/MapReduce_System_Dokumentation.aux)
Package logreq Info: Writing requests to 'MapReduce_System_Dokumentation.run.xml'.
\openout1 = `MapReduce_System_Dokumentation.run.xml'.

 ) 
Here is how much of TeX's memory you used:
 13301 strings out of 479485
 248243 string characters out of 5875915
 1030502 words of memory out of 5000000
 30127 multiletter control sequences out of 15000+600000
 545576 words of font info for 50 fonts, out of 8000000 for 9000
 1143 hyphenation exceptions out of 8191
 80i,7n,85p,1101b,2229s stack positions out of 5000i,500n,10000p,200000b,80000s
{c:/texlive/2020/texmf-dist/fonts/enc/dvips/cm-super/cm-super-t1.enc}{c:/texlive/2020/texmf-dist/fonts/enc/dvips/cm-super/cm-super-ts1.enc}<c:/texlive/2020/texmf-dist/fonts/type1/public/cm-super/sfbx1200.pfb><c:/texlive/2020/texmf-dist/fonts/type1/public/cm-super/sfbx1440.pfb><c:/texlive/2020/texmf-dist/fonts/type1/public/cm-super/sfbx1728.pfb><c:/texlive/2020/texmf-dist/fonts/type1/public/cm-super/sfbx2488.pfb><c:/texlive/2020/texmf-dist/fonts/type1/public/cm-super/sfcc1200.pfb><c:/texlive/2020/texmf-dist/fonts/type1/public/cm-super/sfrm1200.pfb><c:/texlive/2020/texmf-dist/fonts/type1/public/cm-super/sfti1200.pfb><c:/texlive/2020/texmf-dist/fonts/type1/public/cm-super/sftt1200.pfb>
Output written on "c:/Users/Alexander Grill/Desktop/grill_project_2/documentation/MapReduce_System_Dokumentation.pdf" (32 pages, 594888 bytes).
PDF statistics:
 159 PDF objects out of 1000 (max. 8388607)
 103 compressed objects within 2 object streams
 0 named destinations out of 1000 (max. 500000)
 31 words of extra memory for PDF output out of 10000 (max. 10000000)

